(May-08|14:03:04) [SEVERE] Could not pass event PlayerAnimationEvent to ProjectKorra v1.8.0 BETA 9
org.bukkit.event.EventException
	at org.bukkit.plugin.java.JavaPluginLoader$1.execute(JavaPluginLoader.java:302)
	at co.aikar.timings.TimedEventExecutor.execute(TimedEventExecutor.java:78)
	at org.bukkit.plugin.RegisteredListener.callEvent(RegisteredListener.java:62)
	at org.bukkit.plugin.SimplePluginManager.fireEvent(SimplePluginManager.java:517)
	at org.bukkit.plugin.SimplePluginManager.callEvent(SimplePluginManager.java:502)
	at net.minecraft.server.v1_8_R3.PlayerConnection.a(PlayerConnection.java:1232)
	at net.minecraft.server.v1_8_R3.PacketPlayInArmAnimation.a(PacketPlayInArmAnimation.java:18)
	at net.minecraft.server.v1_8_R3.PacketPlayInArmAnimation.a(PacketPlayInArmAnimation.java:1)
	at net.minecraft.server.v1_8_R3.PlayerConnectionUtils$1.run(SourceFile:13)
	at java.base/java.util.concurrent.Executors$RunnableAdapter.call(Executors.java:572)
	at java.base/java.util.concurrent.FutureTask.run(FutureTask.java:317)
	at net.minecraft.server.v1_8_R3.SystemUtils.a(SourceFile:44)
	at net.minecraft.server.v1_8_R3.MinecraftServer.B(MinecraftServer.java:774)
	at net.minecraft.server.v1_8_R3.DedicatedServer.B(DedicatedServer.java:378)
	at net.minecraft.server.v1_8_R3.MinecraftServer.A(MinecraftServer.java:713)
	at net.minecraft.server.v1_8_R3.MinecraftServer.run(MinecraftServer.java:616)
	at java.base/java.lang.Thread.run(Thread.java:1583)
Caused by: java.lang.IllegalStateException: Start block missed in BlockIterator
	at org.bukkit.util.BlockIterator.<init>(BlockIterator.java:170)
	at org.bukkit.util.BlockIterator.<init>(BlockIterator.java:233)
	at org.bukkit.util.BlockIterator.<init>(BlockIterator.java:268)
	at org.bukkit.craftbukkit.v1_8_R3.entity.CraftLivingEntity.getLineOfSight(CraftLivingEntity.java:162)
	at org.bukkit.craftbukkit.v1_8_R3.entity.CraftLivingEntity.getTargetBlock(CraftLivingEntity.java:197)
	at com.projectkorra.projectkorra.PKListener.onPlayerSwing(PKListener.java:1363)
	at java.base/jdk.internal.reflect.DirectMethodHandleAccessor.invoke(DirectMethodHandleAccessor.java:103)
	at java.base/java.lang.reflect.Method.invoke(Method.java:580)
	at org.bukkit.plugin.java.JavaPluginLoader$1.execute(JavaPluginLoader.java:300)
	... 16 more
(May-08|14:03:04) [SEVERE] Could not pass event PlayerAnimationEvent to ProjectKorra v1.8.0 BETA 9
org.bukkit.event.EventException
	at org.bukkit.plugin.java.JavaPluginLoader$1.execute(JavaPluginLoader.java:302)
	at co.aikar.timings.TimedEventExecutor.execute(TimedEventExecutor.java:78)
	at org.bukkit.plugin.RegisteredListener.callEvent(RegisteredListener.java:62)
	at org.bukkit.plugin.SimplePluginManager.fireEvent(SimplePluginManager.java:517)
	at org.bukkit.plugin.SimplePluginManager.callEvent(SimplePluginManager.java:502)
	at net.minecraft.server.v1_8_R3.PlayerConnection.a(PlayerConnection.java:1232)
	at net.minecraft.server.v1_8_R3.PacketPlayInArmAnimation.a(PacketPlayInArmAnimation.java:18)
	at net.minecraft.server.v1_8_R3.PacketPlayInArmAnimation.a(PacketPlayInArmAnimation.java:1)
	at net.minecraft.server.v1_8_R3.PlayerConnectionUtils$1.run(SourceFile:13)
	at java.base/java.util.concurrent.Executors$RunnableAdapter.call(Executors.java:572)
	at java.base/java.util.concurrent.FutureTask.run(FutureTask.java:317)
	at net.minecraft.server.v1_8_R3.SystemUtils.a(SourceFile:44)
	at net.minecraft.server.v1_8_R3.MinecraftServer.B(MinecraftServer.java:774)
	at net.minecraft.server.v1_8_R3.DedicatedServer.B(DedicatedServer.java:378)
	at net.minecraft.server.v1_8_R3.MinecraftServer.A(MinecraftServer.java:713)
	at net.minecraft.server.v1_8_R3.MinecraftServer.run(MinecraftServer.java:616)
	at java.base/java.lang.Thread.run(Thread.java:1583)
Caused by: java.lang.IllegalStateException: Start block missed in BlockIterator
	at org.bukkit.util.BlockIterator.<init>(BlockIterator.java:170)
	at org.bukkit.util.BlockIterator.<init>(BlockIterator.java:233)
	at org.bukkit.util.BlockIterator.<init>(BlockIterator.java:268)
	at org.bukkit.craftbukkit.v1_8_R3.entity.CraftLivingEntity.getLineOfSight(CraftLivingEntity.java:162)
	at org.bukkit.craftbukkit.v1_8_R3.entity.CraftLivingEntity.getTargetBlock(CraftLivingEntity.java:197)
	at com.projectkorra.projectkorra.PKListener.onPlayerSwing(PKListener.java:1363)
	at java.base/jdk.internal.reflect.DirectMethodHandleAccessor.invoke(DirectMethodHandleAccessor.java:103)
	at java.base/java.lang.reflect.Method.invoke(Method.java:580)
	at org.bukkit.plugin.java.JavaPluginLoader$1.execute(JavaPluginLoader.java:300)
	... 16 more
(May-08|14:03:04) [SEVERE] Could not pass event PlayerAnimationEvent to ProjectKorra v1.8.0 BETA 9
org.bukkit.event.EventException
	at org.bukkit.plugin.java.JavaPluginLoader$1.execute(JavaPluginLoader.java:302)
	at co.aikar.timings.TimedEventExecutor.execute(TimedEventExecutor.java:78)
	at org.bukkit.plugin.RegisteredListener.callEvent(RegisteredListener.java:62)
	at org.bukkit.plugin.SimplePluginManager.fireEvent(SimplePluginManager.java:517)
	at org.bukkit.plugin.SimplePluginManager.callEvent(SimplePluginManager.java:502)
	at net.minecraft.server.v1_8_R3.PlayerConnection.a(PlayerConnection.java:1232)
	at net.minecraft.server.v1_8_R3.PacketPlayInArmAnimation.a(PacketPlayInArmAnimation.java:18)
	at net.minecraft.server.v1_8_R3.PacketPlayInArmAnimation.a(PacketPlayInArmAnimation.java:1)
	at net.minecraft.server.v1_8_R3.PlayerConnectionUtils$1.run(SourceFile:13)
	at java.base/java.util.concurrent.Executors$RunnableAdapter.call(Executors.java:572)
	at java.base/java.util.concurrent.FutureTask.run(FutureTask.java:317)
	at net.minecraft.server.v1_8_R3.SystemUtils.a(SourceFile:44)
	at net.minecraft.server.v1_8_R3.MinecraftServer.B(MinecraftServer.java:774)
	at net.minecraft.server.v1_8_R3.DedicatedServer.B(DedicatedServer.java:378)
	at net.minecraft.server.v1_8_R3.MinecraftServer.A(MinecraftServer.java:713)
	at net.minecraft.server.v1_8_R3.MinecraftServer.run(MinecraftServer.java:616)
	at java.base/java.lang.Thread.run(Thread.java:1583)
Caused by: java.lang.IllegalStateException: Start block missed in BlockIterator
	at org.bukkit.util.BlockIterator.<init>(BlockIterator.java:170)
	at org.bukkit.util.BlockIterator.<init>(BlockIterator.java:233)
	at org.bukkit.util.BlockIterator.<init>(BlockIterator.java:268)
	at org.bukkit.craftbukkit.v1_8_R3.entity.CraftLivingEntity.getLineOfSight(CraftLivingEntity.java:162)
	at org.bukkit.craftbukkit.v1_8_R3.entity.CraftLivingEntity.getTargetBlock(CraftLivingEntity.java:197)
	at com.projectkorra.projectkorra.PKListener.onPlayerSwing(PKListener.java:1363)
	at java.base/jdk.internal.reflect.DirectMethodHandleAccessor.invoke(DirectMethodHandleAccessor.java:103)
	at java.base/java.lang.reflect.Method.invoke(Method.java:580)
	at org.bukkit.plugin.java.JavaPluginLoader$1.execute(JavaPluginLoader.java:300)
	... 16 more
(May-08|14:03:04) [SEVERE] Could not pass event PlayerAnimationEvent to ProjectKorra v1.8.0 BETA 9
org.bukkit.event.EventException
	at org.bukkit.plugin.java.JavaPluginLoader$1.execute(JavaPluginLoader.java:302)
	at co.aikar.timings.TimedEventExecutor.execute(TimedEventExecutor.java:78)
	at org.bukkit.plugin.RegisteredListener.callEvent(RegisteredListener.java:62)
	at org.bukkit.plugin.SimplePluginManager.fireEvent(SimplePluginManager.java:517)
	at org.bukkit.plugin.SimplePluginManager.callEvent(SimplePluginManager.java:502)
	at net.minecraft.server.v1_8_R3.PlayerConnection.a(PlayerConnection.java:1232)
	at net.minecraft.server.v1_8_R3.PacketPlayInArmAnimation.a(PacketPlayInArmAnimation.java:18)
	at net.minecraft.server.v1_8_R3.PacketPlayInArmAnimation.a(PacketPlayInArmAnimation.java:1)
	at net.minecraft.server.v1_8_R3.PlayerConnectionUtils$1.run(SourceFile:13)
	at java.base/java.util.concurrent.Executors$RunnableAdapter.call(Executors.java:572)
	at java.base/java.util.concurrent.FutureTask.run(FutureTask.java:317)
	at net.minecraft.server.v1_8_R3.SystemUtils.a(SourceFile:44)
	at net.minecraft.server.v1_8_R3.MinecraftServer.B(MinecraftServer.java:774)
	at net.minecraft.server.v1_8_R3.DedicatedServer.B(DedicatedServer.java:378)
	at net.minecraft.server.v1_8_R3.MinecraftServer.A(MinecraftServer.java:713)
	at net.minecraft.server.v1_8_R3.MinecraftServer.run(MinecraftServer.java:616)
	at java.base/java.lang.Thread.run(Thread.java:1583)
Caused by: java.lang.IllegalStateException: Start block missed in BlockIterator
	at org.bukkit.util.BlockIterator.<init>(BlockIterator.java:170)
	at org.bukkit.util.BlockIterator.<init>(BlockIterator.java:233)
	at org.bukkit.util.BlockIterator.<init>(BlockIterator.java:268)
	at org.bukkit.craftbukkit.v1_8_R3.entity.CraftLivingEntity.getLineOfSight(CraftLivingEntity.java:162)
	at org.bukkit.craftbukkit.v1_8_R3.entity.CraftLivingEntity.getTargetBlock(CraftLivingEntity.java:197)
	at com.projectkorra.projectkorra.PKListener.onPlayerSwing(PKListener.java:1363)
	at java.base/jdk.internal.reflect.DirectMethodHandleAccessor.invoke(DirectMethodHandleAccessor.java:103)
	at java.base/java.lang.reflect.Method.invoke(Method.java:580)
	at org.bukkit.plugin.java.JavaPluginLoader$1.execute(JavaPluginLoader.java:300)
	... 16 more
(May-08|14:03:04) [SEVERE] Could not pass event PlayerAnimationEvent to ProjectKorra v1.8.0 BETA 9
org.bukkit.event.EventException
	at org.bukkit.plugin.java.JavaPluginLoader$1.execute(JavaPluginLoader.java:302)
	at co.aikar.timings.TimedEventExecutor.execute(TimedEventExecutor.java:78)
	at org.bukkit.plugin.RegisteredListener.callEvent(RegisteredListener.java:62)
	at org.bukkit.plugin.SimplePluginManager.fireEvent(SimplePluginManager.java:517)
	at org.bukkit.plugin.SimplePluginManager.callEvent(SimplePluginManager.java:502)
	at net.minecraft.server.v1_8_R3.PlayerConnection.a(PlayerConnection.java:1232)
	at net.minecraft.server.v1_8_R3.PacketPlayInArmAnimation.a(PacketPlayInArmAnimation.java:18)
	at net.minecraft.server.v1_8_R3.PacketPlayInArmAnimation.a(PacketPlayInArmAnimation.java:1)
	at net.minecraft.server.v1_8_R3.PlayerConnectionUtils$1.run(SourceFile:13)
	at java.base/java.util.concurrent.Executors$RunnableAdapter.call(Executors.java:572)
	at java.base/java.util.concurrent.FutureTask.run(FutureTask.java:317)
	at net.minecraft.server.v1_8_R3.SystemUtils.a(SourceFile:44)
	at net.minecraft.server.v1_8_R3.MinecraftServer.B(MinecraftServer.java:774)
	at net.minecraft.server.v1_8_R3.DedicatedServer.B(DedicatedServer.java:378)
	at net.minecraft.server.v1_8_R3.MinecraftServer.A(MinecraftServer.java:713)
	at net.minecraft.server.v1_8_R3.MinecraftServer.run(MinecraftServer.java:616)
	at java.base/java.lang.Thread.run(Thread.java:1583)
Caused by: java.lang.IllegalStateException: Start block missed in BlockIterator
	at org.bukkit.util.BlockIterator.<init>(BlockIterator.java:170)
	at org.bukkit.util.BlockIterator.<init>(BlockIterator.java:233)
	at org.bukkit.util.BlockIterator.<init>(BlockIterator.java:268)
	at org.bukkit.craftbukkit.v1_8_R3.entity.CraftLivingEntity.getLineOfSight(CraftLivingEntity.java:162)
	at org.bukkit.craftbukkit.v1_8_R3.entity.CraftLivingEntity.getTargetBlock(CraftLivingEntity.java:197)
	at com.projectkorra.projectkorra.PKListener.onPlayerSwing(PKListener.java:1363)
	at java.base/jdk.internal.reflect.DirectMethodHandleAccessor.invoke(DirectMethodHandleAccessor.java:103)
	at java.base/java.lang.reflect.Method.invoke(Method.java:580)
	at org.bukkit.plugin.java.JavaPluginLoader$1.execute(JavaPluginLoader.java:300)
	... 16 more
(May-08|14:03:04) [SEVERE] Could not pass event PlayerAnimationEvent to ProjectKorra v1.8.0 BETA 9
org.bukkit.event.EventException
	at org.bukkit.plugin.java.JavaPluginLoader$1.execute(JavaPluginLoader.java:302)
	at co.aikar.timings.TimedEventExecutor.execute(TimedEventExecutor.java:78)
	at org.bukkit.plugin.RegisteredListener.callEvent(RegisteredListener.java:62)
	at org.bukkit.plugin.SimplePluginManager.fireEvent(SimplePluginManager.java:517)
	at org.bukkit.plugin.SimplePluginManager.callEvent(SimplePluginManager.java:502)
	at net.minecraft.server.v1_8_R3.PlayerConnection.a(PlayerConnection.java:1232)
	at net.minecraft.server.v1_8_R3.PacketPlayInArmAnimation.a(PacketPlayInArmAnimation.java:18)
	at net.minecraft.server.v1_8_R3.PacketPlayInArmAnimation.a(PacketPlayInArmAnimation.java:1)
	at net.minecraft.server.v1_8_R3.PlayerConnectionUtils$1.run(SourceFile:13)
	at java.base/java.util.concurrent.Executors$RunnableAdapter.call(Executors.java:572)
	at java.base/java.util.concurrent.FutureTask.run(FutureTask.java:317)
	at net.minecraft.server.v1_8_R3.SystemUtils.a(SourceFile:44)
	at net.minecraft.server.v1_8_R3.MinecraftServer.B(MinecraftServer.java:774)
	at net.minecraft.server.v1_8_R3.DedicatedServer.B(DedicatedServer.java:378)
	at net.minecraft.server.v1_8_R3.MinecraftServer.A(MinecraftServer.java:713)
	at net.minecraft.server.v1_8_R3.MinecraftServer.run(MinecraftServer.java:616)
	at java.base/java.lang.Thread.run(Thread.java:1583)
Caused by: java.lang.IllegalStateException: Start block missed in BlockIterator
	at org.bukkit.util.BlockIterator.<init>(BlockIterator.java:170)
	at org.bukkit.util.BlockIterator.<init>(BlockIterator.java:233)
	at org.bukkit.util.BlockIterator.<init>(BlockIterator.java:268)
	at org.bukkit.craftbukkit.v1_8_R3.entity.CraftLivingEntity.getLineOfSight(CraftLivingEntity.java:162)
	at org.bukkit.craftbukkit.v1_8_R3.entity.CraftLivingEntity.getTargetBlock(CraftLivingEntity.java:197)
	at com.projectkorra.projectkorra.PKListener.onPlayerSwing(PKListener.java:1363)
	at java.base/jdk.internal.reflect.DirectMethodHandleAccessor.invoke(DirectMethodHandleAccessor.java:103)
	at java.base/java.lang.reflect.Method.invoke(Method.java:580)
	at org.bukkit.plugin.java.JavaPluginLoader$1.execute(JavaPluginLoader.java:300)
	... 16 more
(May-08|14:03:04) [SEVERE] Could not pass event PlayerAnimationEvent to ProjectKorra v1.8.0 BETA 9
org.bukkit.event.EventException
	at org.bukkit.plugin.java.JavaPluginLoader$1.execute(JavaPluginLoader.java:302)
	at co.aikar.timings.TimedEventExecutor.execute(TimedEventExecutor.java:78)
	at org.bukkit.plugin.RegisteredListener.callEvent(RegisteredListener.java:62)
	at org.bukkit.plugin.SimplePluginManager.fireEvent(SimplePluginManager.java:517)
	at org.bukkit.plugin.SimplePluginManager.callEvent(SimplePluginManager.java:502)
	at net.minecraft.server.v1_8_R3.PlayerConnection.a(PlayerConnection.java:1232)
	at net.minecraft.server.v1_8_R3.PacketPlayInArmAnimation.a(PacketPlayInArmAnimation.java:18)
	at net.minecraft.server.v1_8_R3.PacketPlayInArmAnimation.a(PacketPlayInArmAnimation.java:1)
	at net.minecraft.server.v1_8_R3.PlayerConnectionUtils$1.run(SourceFile:13)
	at java.base/java.util.concurrent.Executors$RunnableAdapter.call(Executors.java:572)
	at java.base/java.util.concurrent.FutureTask.run(FutureTask.java:317)
	at net.minecraft.server.v1_8_R3.SystemUtils.a(SourceFile:44)
	at net.minecraft.server.v1_8_R3.MinecraftServer.B(MinecraftServer.java:774)
	at net.minecraft.server.v1_8_R3.DedicatedServer.B(DedicatedServer.java:378)
	at net.minecraft.server.v1_8_R3.MinecraftServer.A(MinecraftServer.java:713)
	at net.minecraft.server.v1_8_R3.MinecraftServer.run(MinecraftServer.java:616)
	at java.base/java.lang.Thread.run(Thread.java:1583)
Caused by: java.lang.IllegalStateException: Start block missed in BlockIterator
	at org.bukkit.util.BlockIterator.<init>(BlockIterator.java:170)
	at org.bukkit.util.BlockIterator.<init>(BlockIterator.java:233)
	at org.bukkit.util.BlockIterator.<init>(BlockIterator.java:268)
	at org.bukkit.craftbukkit.v1_8_R3.entity.CraftLivingEntity.getLineOfSight(CraftLivingEntity.java:162)
	at org.bukkit.craftbukkit.v1_8_R3.entity.CraftLivingEntity.getTargetBlock(CraftLivingEntity.java:197)
	at com.projectkorra.projectkorra.PKListener.onPlayerSwing(PKListener.java:1363)
	at java.base/jdk.internal.reflect.DirectMethodHandleAccessor.invoke(DirectMethodHandleAccessor.java:103)
	at java.base/java.lang.reflect.Method.invoke(Method.java:580)
	at org.bukkit.plugin.java.JavaPluginLoader$1.execute(JavaPluginLoader.java:300)
	... 16 more
(May-09|15:17:35) [SEVERE] Could not pass event PlayerAnimationEvent to ProjectKorra v1.8.0 BETA 9
org.bukkit.event.EventException
	at org.bukkit.plugin.java.JavaPluginLoader$1.execute(JavaPluginLoader.java:302)
	at co.aikar.timings.TimedEventExecutor.execute(TimedEventExecutor.java:78)
	at org.bukkit.plugin.RegisteredListener.callEvent(RegisteredListener.java:62)
	at org.bukkit.plugin.SimplePluginManager.fireEvent(SimplePluginManager.java:517)
	at org.bukkit.plugin.SimplePluginManager.callEvent(SimplePluginManager.java:502)
	at net.minecraft.server.v1_8_R3.PlayerConnection.a(PlayerConnection.java:1232)
	at net.minecraft.server.v1_8_R3.PacketPlayInArmAnimation.a(PacketPlayInArmAnimation.java:18)
	at net.minecraft.server.v1_8_R3.PacketPlayInArmAnimation.a(PacketPlayInArmAnimation.java:1)
	at net.minecraft.server.v1_8_R3.PlayerConnectionUtils$1.run(SourceFile:13)
	at java.base/java.util.concurrent.Executors$RunnableAdapter.call(Executors.java:572)
	at java.base/java.util.concurrent.FutureTask.run(FutureTask.java:317)
	at net.minecraft.server.v1_8_R3.SystemUtils.a(SourceFile:44)
	at net.minecraft.server.v1_8_R3.MinecraftServer.B(MinecraftServer.java:774)
	at net.minecraft.server.v1_8_R3.DedicatedServer.B(DedicatedServer.java:378)
	at net.minecraft.server.v1_8_R3.MinecraftServer.A(MinecraftServer.java:713)
	at net.minecraft.server.v1_8_R3.MinecraftServer.run(MinecraftServer.java:616)
	at java.base/java.lang.Thread.run(Thread.java:1583)
Caused by: java.lang.IllegalStateException: Start block missed in BlockIterator
	at org.bukkit.util.BlockIterator.<init>(BlockIterator.java:170)
	at org.bukkit.util.BlockIterator.<init>(BlockIterator.java:233)
	at org.bukkit.util.BlockIterator.<init>(BlockIterator.java:268)
	at org.bukkit.craftbukkit.v1_8_R3.entity.CraftLivingEntity.getLineOfSight(CraftLivingEntity.java:162)
	at org.bukkit.craftbukkit.v1_8_R3.entity.CraftLivingEntity.getTargetBlock(CraftLivingEntity.java:197)
	at com.projectkorra.projectkorra.PKListener.onPlayerSwing(PKListener.java:1363)
	at java.base/jdk.internal.reflect.DirectMethodHandleAccessor.invoke(DirectMethodHandleAccessor.java:103)
	at java.base/java.lang.reflect.Method.invoke(Method.java:580)
	at org.bukkit.plugin.java.JavaPluginLoader$1.execute(JavaPluginLoader.java:300)
	... 16 more
(May-09|15:17:35) [SEVERE] Could not pass event PlayerAnimationEvent to ProjectKorra v1.8.0 BETA 9
org.bukkit.event.EventException
	at org.bukkit.plugin.java.JavaPluginLoader$1.execute(JavaPluginLoader.java:302)
	at co.aikar.timings.TimedEventExecutor.execute(TimedEventExecutor.java:78)
	at org.bukkit.plugin.RegisteredListener.callEvent(RegisteredListener.java:62)
	at org.bukkit.plugin.SimplePluginManager.fireEvent(SimplePluginManager.java:517)
	at org.bukkit.plugin.SimplePluginManager.callEvent(SimplePluginManager.java:502)
	at net.minecraft.server.v1_8_R3.PlayerConnection.a(PlayerConnection.java:1232)
	at net.minecraft.server.v1_8_R3.PacketPlayInArmAnimation.a(PacketPlayInArmAnimation.java:18)
	at net.minecraft.server.v1_8_R3.PacketPlayInArmAnimation.a(PacketPlayInArmAnimation.java:1)
	at net.minecraft.server.v1_8_R3.PlayerConnectionUtils$1.run(SourceFile:13)
	at java.base/java.util.concurrent.Executors$RunnableAdapter.call(Executors.java:572)
	at java.base/java.util.concurrent.FutureTask.run(FutureTask.java:317)
	at net.minecraft.server.v1_8_R3.SystemUtils.a(SourceFile:44)
	at net.minecraft.server.v1_8_R3.MinecraftServer.B(MinecraftServer.java:774)
	at net.minecraft.server.v1_8_R3.DedicatedServer.B(DedicatedServer.java:378)
	at net.minecraft.server.v1_8_R3.MinecraftServer.A(MinecraftServer.java:713)
	at net.minecraft.server.v1_8_R3.MinecraftServer.run(MinecraftServer.java:616)
	at java.base/java.lang.Thread.run(Thread.java:1583)
Caused by: java.lang.IllegalStateException: Start block missed in BlockIterator
	at org.bukkit.util.BlockIterator.<init>(BlockIterator.java:170)
	at org.bukkit.util.BlockIterator.<init>(BlockIterator.java:233)
	at org.bukkit.util.BlockIterator.<init>(BlockIterator.java:268)
	at org.bukkit.craftbukkit.v1_8_R3.entity.CraftLivingEntity.getLineOfSight(CraftLivingEntity.java:162)
	at org.bukkit.craftbukkit.v1_8_R3.entity.CraftLivingEntity.getTargetBlock(CraftLivingEntity.java:197)
	at com.projectkorra.projectkorra.PKListener.onPlayerSwing(PKListener.java:1363)
	at java.base/jdk.internal.reflect.DirectMethodHandleAccessor.invoke(DirectMethodHandleAccessor.java:103)
	at java.base/java.lang.reflect.Method.invoke(Method.java:580)
	at org.bukkit.plugin.java.JavaPluginLoader$1.execute(JavaPluginLoader.java:300)
	... 16 more
(May-09|15:17:35) [SEVERE] Could not pass event PlayerAnimationEvent to ProjectKorra v1.8.0 BETA 9
org.bukkit.event.EventException
	at org.bukkit.plugin.java.JavaPluginLoader$1.execute(JavaPluginLoader.java:302)
	at co.aikar.timings.TimedEventExecutor.execute(TimedEventExecutor.java:78)
	at org.bukkit.plugin.RegisteredListener.callEvent(RegisteredListener.java:62)
	at org.bukkit.plugin.SimplePluginManager.fireEvent(SimplePluginManager.java:517)
	at org.bukkit.plugin.SimplePluginManager.callEvent(SimplePluginManager.java:502)
	at net.minecraft.server.v1_8_R3.PlayerConnection.a(PlayerConnection.java:1232)
	at net.minecraft.server.v1_8_R3.PacketPlayInArmAnimation.a(PacketPlayInArmAnimation.java:18)
	at net.minecraft.server.v1_8_R3.PacketPlayInArmAnimation.a(PacketPlayInArmAnimation.java:1)
	at net.minecraft.server.v1_8_R3.PlayerConnectionUtils$1.run(SourceFile:13)
	at java.base/java.util.concurrent.Executors$RunnableAdapter.call(Executors.java:572)
	at java.base/java.util.concurrent.FutureTask.run(FutureTask.java:317)
	at net.minecraft.server.v1_8_R3.SystemUtils.a(SourceFile:44)
	at net.minecraft.server.v1_8_R3.MinecraftServer.B(MinecraftServer.java:774)
	at net.minecraft.server.v1_8_R3.DedicatedServer.B(DedicatedServer.java:378)
	at net.minecraft.server.v1_8_R3.MinecraftServer.A(MinecraftServer.java:713)
	at net.minecraft.server.v1_8_R3.MinecraftServer.run(MinecraftServer.java:616)
	at java.base/java.lang.Thread.run(Thread.java:1583)
Caused by: java.lang.IllegalStateException: Start block missed in BlockIterator
	at org.bukkit.util.BlockIterator.<init>(BlockIterator.java:170)
	at org.bukkit.util.BlockIterator.<init>(BlockIterator.java:233)
	at org.bukkit.util.BlockIterator.<init>(BlockIterator.java:268)
	at org.bukkit.craftbukkit.v1_8_R3.entity.CraftLivingEntity.getLineOfSight(CraftLivingEntity.java:162)
	at org.bukkit.craftbukkit.v1_8_R3.entity.CraftLivingEntity.getTargetBlock(CraftLivingEntity.java:197)
	at com.projectkorra.projectkorra.PKListener.onPlayerSwing(PKListener.java:1363)
	at java.base/jdk.internal.reflect.DirectMethodHandleAccessor.invoke(DirectMethodHandleAccessor.java:103)
	at java.base/java.lang.reflect.Method.invoke(Method.java:580)
	at org.bukkit.plugin.java.JavaPluginLoader$1.execute(JavaPluginLoader.java:300)
	... 16 more
(May-09|15:17:35) [SEVERE] Could not pass event PlayerAnimationEvent to ProjectKorra v1.8.0 BETA 9
org.bukkit.event.EventException
	at org.bukkit.plugin.java.JavaPluginLoader$1.execute(JavaPluginLoader.java:302)
	at co.aikar.timings.TimedEventExecutor.execute(TimedEventExecutor.java:78)
	at org.bukkit.plugin.RegisteredListener.callEvent(RegisteredListener.java:62)
	at org.bukkit.plugin.SimplePluginManager.fireEvent(SimplePluginManager.java:517)
	at org.bukkit.plugin.SimplePluginManager.callEvent(SimplePluginManager.java:502)
	at net.minecraft.server.v1_8_R3.PlayerConnection.a(PlayerConnection.java:1232)
	at net.minecraft.server.v1_8_R3.PacketPlayInArmAnimation.a(PacketPlayInArmAnimation.java:18)
	at net.minecraft.server.v1_8_R3.PacketPlayInArmAnimation.a(PacketPlayInArmAnimation.java:1)
	at net.minecraft.server.v1_8_R3.PlayerConnectionUtils$1.run(SourceFile:13)
	at java.base/java.util.concurrent.Executors$RunnableAdapter.call(Executors.java:572)
	at java.base/java.util.concurrent.FutureTask.run(FutureTask.java:317)
	at net.minecraft.server.v1_8_R3.SystemUtils.a(SourceFile:44)
	at net.minecraft.server.v1_8_R3.MinecraftServer.B(MinecraftServer.java:774)
	at net.minecraft.server.v1_8_R3.DedicatedServer.B(DedicatedServer.java:378)
	at net.minecraft.server.v1_8_R3.MinecraftServer.A(MinecraftServer.java:713)
	at net.minecraft.server.v1_8_R3.MinecraftServer.run(MinecraftServer.java:616)
	at java.base/java.lang.Thread.run(Thread.java:1583)
Caused by: java.lang.IllegalStateException: Start block missed in BlockIterator
	at org.bukkit.util.BlockIterator.<init>(BlockIterator.java:170)
	at org.bukkit.util.BlockIterator.<init>(BlockIterator.java:233)
	at org.bukkit.util.BlockIterator.<init>(BlockIterator.java:268)
	at org.bukkit.craftbukkit.v1_8_R3.entity.CraftLivingEntity.getLineOfSight(CraftLivingEntity.java:162)
	at org.bukkit.craftbukkit.v1_8_R3.entity.CraftLivingEntity.getTargetBlock(CraftLivingEntity.java:197)
	at com.projectkorra.projectkorra.PKListener.onPlayerSwing(PKListener.java:1363)
	at java.base/jdk.internal.reflect.DirectMethodHandleAccessor.invoke(DirectMethodHandleAccessor.java:103)
	at java.base/java.lang.reflect.Method.invoke(Method.java:580)
	at org.bukkit.plugin.java.JavaPluginLoader$1.execute(JavaPluginLoader.java:300)
	... 16 more
(May-09|15:17:35) [SEVERE] Could not pass event PlayerAnimationEvent to ProjectKorra v1.8.0 BETA 9
org.bukkit.event.EventException
	at org.bukkit.plugin.java.JavaPluginLoader$1.execute(JavaPluginLoader.java:302)
	at co.aikar.timings.TimedEventExecutor.execute(TimedEventExecutor.java:78)
	at org.bukkit.plugin.RegisteredListener.callEvent(RegisteredListener.java:62)
	at org.bukkit.plugin.SimplePluginManager.fireEvent(SimplePluginManager.java:517)
	at org.bukkit.plugin.SimplePluginManager.callEvent(SimplePluginManager.java:502)
	at net.minecraft.server.v1_8_R3.PlayerConnection.a(PlayerConnection.java:1232)
	at net.minecraft.server.v1_8_R3.PacketPlayInArmAnimation.a(PacketPlayInArmAnimation.java:18)
	at net.minecraft.server.v1_8_R3.PacketPlayInArmAnimation.a(PacketPlayInArmAnimation.java:1)
	at net.minecraft.server.v1_8_R3.PlayerConnectionUtils$1.run(SourceFile:13)
	at java.base/java.util.concurrent.Executors$RunnableAdapter.call(Executors.java:572)
	at java.base/java.util.concurrent.FutureTask.run(FutureTask.java:317)
	at net.minecraft.server.v1_8_R3.SystemUtils.a(SourceFile:44)
	at net.minecraft.server.v1_8_R3.MinecraftServer.B(MinecraftServer.java:774)
	at net.minecraft.server.v1_8_R3.DedicatedServer.B(DedicatedServer.java:378)
	at net.minecraft.server.v1_8_R3.MinecraftServer.A(MinecraftServer.java:713)
	at net.minecraft.server.v1_8_R3.MinecraftServer.run(MinecraftServer.java:616)
	at java.base/java.lang.Thread.run(Thread.java:1583)
Caused by: java.lang.IllegalStateException: Start block missed in BlockIterator
	at org.bukkit.util.BlockIterator.<init>(BlockIterator.java:170)
	at org.bukkit.util.BlockIterator.<init>(BlockIterator.java:233)
	at org.bukkit.util.BlockIterator.<init>(BlockIterator.java:268)
	at org.bukkit.craftbukkit.v1_8_R3.entity.CraftLivingEntity.getLineOfSight(CraftLivingEntity.java:162)
	at org.bukkit.craftbukkit.v1_8_R3.entity.CraftLivingEntity.getTargetBlock(CraftLivingEntity.java:197)
	at com.projectkorra.projectkorra.PKListener.onPlayerSwing(PKListener.java:1363)
	at java.base/jdk.internal.reflect.DirectMethodHandleAccessor.invoke(DirectMethodHandleAccessor.java:103)
	at java.base/java.lang.reflect.Method.invoke(Method.java:580)
	at org.bukkit.plugin.java.JavaPluginLoader$1.execute(JavaPluginLoader.java:300)
	... 16 more
(May-09|15:17:35) [SEVERE] Could not pass event PlayerAnimationEvent to ProjectKorra v1.8.0 BETA 9
org.bukkit.event.EventException
	at org.bukkit.plugin.java.JavaPluginLoader$1.execute(JavaPluginLoader.java:302)
	at co.aikar.timings.TimedEventExecutor.execute(TimedEventExecutor.java:78)
	at org.bukkit.plugin.RegisteredListener.callEvent(RegisteredListener.java:62)
	at org.bukkit.plugin.SimplePluginManager.fireEvent(SimplePluginManager.java:517)
	at org.bukkit.plugin.SimplePluginManager.callEvent(SimplePluginManager.java:502)
	at net.minecraft.server.v1_8_R3.PlayerConnection.a(PlayerConnection.java:1232)
	at net.minecraft.server.v1_8_R3.PacketPlayInArmAnimation.a(PacketPlayInArmAnimation.java:18)
	at net.minecraft.server.v1_8_R3.PacketPlayInArmAnimation.a(PacketPlayInArmAnimation.java:1)
	at net.minecraft.server.v1_8_R3.PlayerConnectionUtils$1.run(SourceFile:13)
	at java.base/java.util.concurrent.Executors$RunnableAdapter.call(Executors.java:572)
	at java.base/java.util.concurrent.FutureTask.run(FutureTask.java:317)
	at net.minecraft.server.v1_8_R3.SystemUtils.a(SourceFile:44)
	at net.minecraft.server.v1_8_R3.MinecraftServer.B(MinecraftServer.java:774)
	at net.minecraft.server.v1_8_R3.DedicatedServer.B(DedicatedServer.java:378)
	at net.minecraft.server.v1_8_R3.MinecraftServer.A(MinecraftServer.java:713)
	at net.minecraft.server.v1_8_R3.MinecraftServer.run(MinecraftServer.java:616)
	at java.base/java.lang.Thread.run(Thread.java:1583)
Caused by: java.lang.IllegalStateException: Start block missed in BlockIterator
	at org.bukkit.util.BlockIterator.<init>(BlockIterator.java:170)
	at org.bukkit.util.BlockIterator.<init>(BlockIterator.java:233)
	at org.bukkit.util.BlockIterator.<init>(BlockIterator.java:268)
	at org.bukkit.craftbukkit.v1_8_R3.entity.CraftLivingEntity.getLineOfSight(CraftLivingEntity.java:162)
	at org.bukkit.craftbukkit.v1_8_R3.entity.CraftLivingEntity.getTargetBlock(CraftLivingEntity.java:197)
	at com.projectkorra.projectkorra.PKListener.onPlayerSwing(PKListener.java:1363)
	at java.base/jdk.internal.reflect.DirectMethodHandleAccessor.invoke(DirectMethodHandleAccessor.java:103)
	at java.base/java.lang.reflect.Method.invoke(Method.java:580)
	at org.bukkit.plugin.java.JavaPluginLoader$1.execute(JavaPluginLoader.java:300)
	... 16 more
